<?xml version="1.0" encoding="UTF-8"?>
<!-- Generated by org.testng.reporters.JUnitReportReporter -->
<testsuite hostname="SamsungLaptop" failures="0" tests="1" name="testCases.TC001_AccountRegistrationTest" time="8.171" errors="0" timestamp="2025-07-05T23:14:38 PDT" skipped="0">
  <testcase classname="testCases.TC001_AccountRegistrationTest" name="verify_account_reqistration" time="8.171"/>
</testsuite> <!-- testCases.TC001_AccountRegistrationTest -->
